14:35:49 **** Incremental Build of configuration Debug for project Agenda ****
make all 
Building file: ../Agenda.cpp
Invoking: GCC C++ Compiler
g++ -O0 -g3 -Wall -c -fmessage-length=0 -MMD -MP -MF"Agenda.d" -MT"Agenda.o" -o "Agenda.o" "../Agenda.cpp"
In file included from /usr/include/c++/7/bits/stl_tree.h:65:0,
                 from /usr/include/c++/7/map:60,
                 from ../Agenda.h:11,
                 from ../Agenda.cpp:8:
/usr/include/c++/7/bits/stl_function.h: In instantiation of ‘constexpr bool std::less<_Tp>::operator()(const _Tp&, const _Tp&) const [with _Tp = Fecha]’:
/usr/include/c++/7/bits/stl_map.h:491:32:   required from ‘std::map<_Key, _Tp, _Compare, _Alloc>::mapped_type& std::map<_Key, _Tp, _Compare, _Alloc>::operator[](const key_type&) [with _Key = Fecha; _Tp = std::map<Hora, std::__cxx11::basic_string<char> >; _Compare = std::less<Fecha>; _Alloc = std::allocator<std::pair<const Fecha, std::map<Hora, std::__cxx11::basic_string<char> > > >; std::map<_Key, _Tp, _Compare, _Alloc>::mapped_type = std::map<Hora, std::__cxx11::basic_string<char> >; std::map<_Key, _Tp, _Compare, _Alloc>::key_type = Fecha]’
../Agenda.cpp:18:24:   required from here
/usr/include/c++/7/bits/stl_function.h:386:20: error: no match for ‘operator<’ (operand types are ‘const Fecha’ and ‘const Fecha’)
       { return __x < __y; }
                ~~~~^~~~~
In file included from /usr/include/c++/7/bits/stl_algobase.h:64:0,
                 from /usr/include/c++/7/bits/stl_tree.h:63,
                 from /usr/include/c++/7/map:60,
                 from ../Agenda.h:11,
                 from ../Agenda.cpp:8:
/usr/include/c++/7/bits/stl_pair.h:454:5: note: candidate: template<class _T1, class _T2> constexpr bool std::operator<(const std::pair<_T1, _T2>&, const std::pair<_T1, _T2>&)
     operator<(const pair<_T1, _T2>& __x, const pair<_T1, _T2>& __y)
     ^~~~~~~~
/usr/include/c++/7/bits/stl_pair.h:454:5: note:   template argument deduction/substitution failed:
In file included from /usr/include/c++/7/bits/stl_tree.h:65:0,
                 from /usr/include/c++/7/map:60,
                 from ../Agenda.h:11,
                 from ../Agenda.cpp:8:
/usr/include/c++/7/bits/stl_function.h:386:20: note:   ‘const Fecha’ is not derived from ‘const std::pair<_T1, _T2>’
       { return __x < __y; }
                ~~~~^~~~~
In file included from /usr/include/c++/7/bits/stl_algobase.h:67:0,
                 from /usr/include/c++/7/bits/stl_tree.h:63,
                 from /usr/include/c++/7/map:60,
                 from ../Agenda.h:11,
                 from ../Agenda.cpp:8:
/usr/include/c++/7/bits/stl_iterator.h:308:5: note: candidate: template<class _Iterator> bool std::operator<(const std::reverse_iterator<_Iterator>&, const std::reverse_iterator<_Iterator>&)
     operator<(const reverse_iterator<_Iterator>& __x,
     ^~~~~~~~
/usr/include/c++/7/bits/stl_iterator.h:308:5: note:   template argument deduction/substitution failed:
In file included from /usr/include/c++/7/bits/stl_tree.h:65:0,
                 from /usr/include/c++/7/map:60,
                 from ../Agenda.h:11,
                 from ../Agenda.cpp:8:
/usr/include/c++/7/bits/stl_function.h:386:20: note:   ‘const Fecha’ is not derived from ‘const std::reverse_iterator<_Iterator>’
       { return __x < __y; }
                ~~~~^~~~~
In file included from /usr/include/c++/7/bits/stl_algobase.h:67:0,
                 from /usr/include/c++/7/bits/stl_tree.h:63,
                 from /usr/include/c++/7/map:60,
                 from ../Agenda.h:11,
                 from ../Agenda.cpp:8:
/usr/include/c++/7/bits/stl_iterator.h:346:5: note: candidate: template<class _IteratorL, class _IteratorR> bool std::operator<(const std::reverse_iterator<_Iterator>&, const std::reverse_iterator<_IteratorR>&)
     operator<(const reverse_iterator<_IteratorL>& __x,
     ^~~~~~~~
/usr/include/c++/7/bits/stl_iterator.h:346:5: note:   template argument deduction/substitution failed:
In file included from /usr/include/c++/7/bits/stl_tree.h:65:0,
                 from /usr/include/c++/7/map:60,
                 from ../Agenda.h:11,
                 from ../Agenda.cpp:8:
/usr/include/c++/7/bits/stl_function.h:386:20: note:   ‘const Fecha’ is not derived from ‘const std::reverse_iterator<_Iterator>’
       { return __x < __y; }
                ~~~~^~~~~
In file included from /usr/include/c++/7/bits/stl_algobase.h:67:0,
                 from /usr/include/c++/7/bits/stl_tree.h:63,
                 from /usr/include/c++/7/map:60,
                 from ../Agenda.h:11,
                 from ../Agenda.cpp:8:
/usr/include/c++/7/bits/stl_iterator.h:1145:5: note: candidate: template<class _IteratorL, class _IteratorR> bool std::operator<(const std::move_iterator<_IteratorL>&, const std::move_iterator<_IteratorR>&)
     operator<(const move_iterator<_IteratorL>& __x,
     ^~~~~~~~
/usr/include/c++/7/bits/stl_iterator.h:1145:5: note:   template argument deduction/substitution failed:
In file included from /usr/include/c++/7/bits/stl_tree.h:65:0,
                 from /usr/include/c++/7/map:60,
                 from ../Agenda.h:11,
                 from ../Agenda.cpp:8:
/usr/include/c++/7/bits/stl_function.h:386:20: note:   ‘const Fecha’ is not derived from ‘const std::move_iterator<_IteratorL>’
       { return __x < __y; }
                ~~~~^~~~~
In file included from /usr/include/c++/7/bits/stl_algobase.h:67:0,
                 from /usr/include/c++/7/bits/stl_tree.h:63,
                 from /usr/include/c++/7/map:60,
                 from ../Agenda.h:11,
                 from ../Agenda.cpp:8:
/usr/include/c++/7/bits/stl_iterator.h:1151:5: note: candidate: template<class _Iterator> bool std::operator<(const std::move_iterator<_IteratorL>&, const std::move_iterator<_IteratorL>&)
     operator<(const move_iterator<_Iterator>& __x,
     ^~~~~~~~
/usr/include/c++/7/bits/stl_iterator.h:1151:5: note:   template argument deduction/substitution failed:
In file included from /usr/include/c++/7/bits/stl_tree.h:65:0,
                 from /usr/include/c++/7/map:60,
                 from ../Agenda.h:11,
                 from ../Agenda.cpp:8:
/usr/include/c++/7/bits/stl_function.h:386:20: note:   ‘const Fecha’ is not derived from ‘const std::move_iterator<_IteratorL>’
       { return __x < __y; }
                ~~~~^~~~~
In file included from /usr/include/c++/7/map:60:0,
                 from ../Agenda.h:11,
                 from ../Agenda.cpp:8:
/usr/include/c++/7/bits/stl_tree.h:1543:5: note: candidate: template<class _Key, class _Val, class _KeyOfValue, class _Compare, class _Alloc> bool std::operator<(const std::_Rb_tree<_Key, _Val, _KeyOfValue, _Compare, _Alloc>&, const std::_Rb_tree<_Key, _Val, _KeyOfValue, _Compare, _Alloc>&)
     operator<(const _Rb_tree<_Key, _Val, _KeyOfValue, _Compare, _Alloc>& __x,
     ^~~~~~~~
/usr/include/c++/7/bits/stl_tree.h:1543:5: note:   template argument deduction/substitution failed:
In file included from /usr/include/c++/7/bits/stl_tree.h:65:0,
                 from /usr/include/c++/7/map:60,
                 from ../Agenda.h:11,
                 from ../Agenda.cpp:8:
/usr/include/c++/7/bits/stl_function.h:386:20: note:   ‘const Fecha’ is not derived from ‘const std::_Rb_tree<_Key, _Val, _KeyOfValue, _Compare, _Alloc>’
       { return __x < __y; }
                ~~~~^~~~~
In file included from /usr/include/c++/7/string:52:0,
                 from /usr/include/c++/7/stdexcept:39,
                 from /usr/include/c++/7/array:39,
                 from /usr/include/c++/7/tuple:39,
                 from /usr/include/c++/7/bits/stl_map.h:63,
                 from /usr/include/c++/7/map:61,
                 from ../Agenda.h:11,
                 from ../Agenda.cpp:8:
/usr/include/c++/7/bits/basic_string.h:6094:5: note: candidate: template<class _CharT, class _Traits, class _Alloc> bool std::operator<(const std::__cxx11::basic_string<_CharT, _Traits, _Alloc>&, const std::__cxx11::basic_string<_CharT, _Traits, _Alloc>&)
     operator<(const basic_string<_CharT, _Traits, _Alloc>& __lhs,
     ^~~~~~~~
/usr/include/c++/7/bits/basic_string.h:6094:5: note:   template argument deduction/substitution failed:
In file included from /usr/include/c++/7/bits/stl_tree.h:65:0,
                 from /usr/include/c++/7/map:60,
                 from ../Agenda.h:11,
                 from ../Agenda.cpp:8:
/usr/include/c++/7/bits/stl_function.h:386:20: note:   ‘const Fecha’ is not derived from ‘const std::__cxx11::basic_string<_CharT, _Traits, _Alloc>’
       { return __x < __y; }
                ~~~~^~~~~
In file included from /usr/include/c++/7/string:52:0,
                 from /usr/include/c++/7/stdexcept:39,
                 from /usr/include/c++/7/array:39,
                 from /usr/include/c++/7/tuple:39,
                 from /usr/include/c++/7/bits/stl_map.h:63,
                 from /usr/include/c++/7/map:61,
                 from ../Agenda.h:11,
                 from ../Agenda.cpp:8:
/usr/include/c++/7/bits/basic_string.h:6107:5: note: candidate: template<class _CharT, class _Traits, class _Alloc> bool std::operator<(const std::__cxx11::basic_string<_CharT, _Traits, _Alloc>&, const _CharT*)
     operator<(const basic_string<_CharT, _Traits, _Alloc>& __lhs,
     ^~~~~~~~
/usr/include/c++/7/bits/basic_string.h:6107:5: note:   template argument deduction/substitution failed:
In file included from /usr/include/c++/7/bits/stl_tree.h:65:0,
                 from /usr/include/c++/7/map:60,
                 from ../Agenda.h:11,
                 from ../Agenda.cpp:8:
/usr/include/c++/7/bits/stl_function.h:386:20: note:   ‘const Fecha’ is not derived from ‘const std::__cxx11::basic_string<_CharT, _Traits, _Alloc>’
       { return __x < __y; }
                ~~~~^~~~~
In file included from /usr/include/c++/7/string:52:0,
                 from /usr/include/c++/7/stdexcept:39,
                 from /usr/include/c++/7/array:39,
                 from /usr/include/c++/7/tuple:39,
                 from /usr/include/c++/7/bits/stl_map.h:63,
                 from /usr/include/c++/7/map:61,
                 from ../Agenda.h:11,
                 from ../Agenda.cpp:8:
/usr/include/c++/7/bits/basic_string.h:6119:5: note: candidate: template<class _CharT, class _Traits, class _Alloc> bool std::operator<(const _CharT*, const std::__cxx11::basic_string<_CharT, _Traits, _Alloc>&)
     operator<(const _CharT* __lhs,
     ^~~~~~~~
/usr/include/c++/7/bits/basic_string.h:6119:5: note:   template argument deduction/substitution failed:
In file included from /usr/include/c++/7/bits/stl_tree.h:65:0,
                 from /usr/include/c++/7/map:60,
                 from ../Agenda.h:11,
                 from ../Agenda.cpp:8:
/usr/include/c++/7/bits/stl_function.h:386:20: note:   mismatched types ‘const _CharT*’ and ‘Fecha’
       { return __x < __y; }
                ~~~~^~~~~
In file included from /usr/include/c++/7/tuple:39:0,
                 from /usr/include/c++/7/bits/stl_map.h:63,
                 from /usr/include/c++/7/map:61,
                 from ../Agenda.h:11,
                 from ../Agenda.cpp:8:
/usr/include/c++/7/array:262:5: note: candidate: template<class _Tp, long unsigned int _Nm> bool std::operator<(const std::array<_Tp, _Nm>&, const std::array<_Tp, _Nm>&)
     operator<(const array<_Tp, _Nm>& __a, const array<_Tp, _Nm>& __b)
     ^~~~~~~~
/usr/include/c++/7/array:262:5: note:   template argument deduction/substitution failed:
In file included from /usr/include/c++/7/bits/stl_tree.h:65:0,
                 from /usr/include/c++/7/map:60,
                 from ../Agenda.h:11,
                 from ../Agenda.cpp:8:
/usr/include/c++/7/bits/stl_function.h:386:20: note:   ‘const Fecha’ is not derived from ‘const std::array<_Tp, _Nm>’
       { return __x < __y; }
                ~~~~^~~~~
In file included from /usr/include/c++/7/bits/stl_map.h:63:0,
                 from /usr/include/c++/7/map:61,
                 from ../Agenda.h:11,
                 from ../Agenda.cpp:8:
/usr/include/c++/7/tuple:1410:5: note: candidate: template<class ... _TElements, class ... _UElements> constexpr bool std::operator<(const std::tuple<_Tps ...>&, const std::tuple<_Args2 ...>&)
     operator<(const tuple<_TElements...>& __t,
     ^~~~~~~~
/usr/include/c++/7/tuple:1410:5: note:   template argument deduction/substitution failed:
In file included from /usr/include/c++/7/bits/stl_tree.h:65:0,
                 from /usr/include/c++/7/map:60,
                 from ../Agenda.h:11,
                 from ../Agenda.cpp:8:
/usr/include/c++/7/bits/stl_function.h:386:20: note:   ‘const Fecha’ is not derived from ‘const std::tuple<_Tps ...>’
       { return __x < __y; }
                ~~~~^~~~~
In file included from /usr/include/c++/7/map:61:0,
                 from ../Agenda.h:11,
                 from ../Agenda.cpp:8:
/usr/include/c++/7/bits/stl_map.h:1411:5: note: candidate: template<class _Key, class _Tp, class _Compare, class _Alloc> bool std::operator<(const std::map<_Key, _Tp, _Compare, _Alloc>&, const std::map<_Key, _Tp, _Compare, _Alloc>&)
     operator<(const map<_Key, _Tp, _Compare, _Alloc>& __x,
     ^~~~~~~~
/usr/include/c++/7/bits/stl_map.h:1411:5: note:   template argument deduction/substitution failed:
In file included from /usr/include/c++/7/bits/stl_tree.h:65:0,
                 from /usr/include/c++/7/map:60,
                 from ../Agenda.h:11,
                 from ../Agenda.cpp:8:
/usr/include/c++/7/bits/stl_function.h:386:20: note:   ‘const Fecha’ is not derived from ‘const std::map<_Key, _Tp, _Compare, _Alloc>’
       { return __x < __y; }
                ~~~~^~~~~
In file included from /usr/include/c++/7/map:62:0,
                 from ../Agenda.h:11,
                 from ../Agenda.cpp:8:
/usr/include/c++/7/bits/stl_multimap.h:1076:5: note: candidate: template<class _Key, class _Tp, class _Compare, class _Alloc> bool std::operator<(const std::multimap<_Key, _Tp, _Compare, _Alloc>&, const std::multimap<_Key, _Tp, _Compare, _Alloc>&)
     operator<(const multimap<_Key, _Tp, _Compare, _Alloc>& __x,
     ^~~~~~~~
/usr/include/c++/7/bits/stl_multimap.h:1076:5: note:   template argument deduction/substitution failed:
In file included from /usr/include/c++/7/bits/stl_tree.h:65:0,
                 from /usr/include/c++/7/map:60,
                 from ../Agenda.h:11,
                 from ../Agenda.cpp:8:
/usr/include/c++/7/bits/stl_function.h:386:20: note:   ‘const Fecha’ is not derived from ‘const std::multimap<_Key, _Tp, _Compare, _Alloc>’
       { return __x < __y; }
                ~~~~^~~~~
In file included from /usr/include/c++/7/bits/ios_base.h:46:0,
                 from /usr/include/c++/7/ios:42,
                 from /usr/include/c++/7/ostream:38,
                 from /usr/include/c++/7/iostream:39,
                 from ../Agenda.h:13,
                 from ../Agenda.cpp:8:
/usr/include/c++/7/system_error:208:3: note: candidate: bool std::operator<(const std::error_code&, const std::error_code&)
   operator<(const error_code& __lhs, const error_code& __rhs) noexcept
   ^~~~~~~~
/usr/include/c++/7/system_error:208:3: note:   no known conversion for argument 1 from ‘const Fecha’ to ‘const std::error_code&’
/usr/include/c++/7/system_error:282:3: note: candidate: bool std::operator<(const std::error_condition&, const std::error_condition&)
   operator<(const error_condition& __lhs,
   ^~~~~~~~
/usr/include/c++/7/system_error:282:3: note:   no known conversion for argument 1 from ‘const Fecha’ to ‘const std::error_condition&’
In file included from /usr/include/c++/7/bits/stl_tree.h:65:0,
                 from /usr/include/c++/7/map:60,
                 from ../Agenda.h:11,
                 from ../Agenda.cpp:8:
/usr/include/c++/7/bits/stl_function.h: In instantiation of ‘constexpr bool std::less<_Tp>::operator()(const _Tp&, const _Tp&) const [with _Tp = Hora]’:
/usr/include/c++/7/bits/stl_tree.h:2038:11:   required from ‘std::pair<std::_Rb_tree_node_base*, std::_Rb_tree_node_base*> std::_Rb_tree<_Key, _Val, _KeyOfValue, _Compare, _Alloc>::_M_get_insert_unique_pos(const key_type&) [with _Key = Hora; _Val = std::pair<const Hora, std::__cxx11::basic_string<char> >; _KeyOfValue = std::_Select1st<std::pair<const Hora, std::__cxx11::basic_string<char> > >; _Compare = std::less<Hora>; _Alloc = std::allocator<std::pair<const Hora, std::__cxx11::basic_string<char> > >; std::_Rb_tree<_Key, _Val, _KeyOfValue, _Compare, _Alloc>::key_type = Hora]’
/usr/include/c++/7/bits/stl_tree.h:2356:43:   required from ‘std::pair<std::_Rb_tree_iterator<_Val>, bool> std::_Rb_tree<_Key, _Val, _KeyOfValue, _Compare, _Alloc>::_M_emplace_unique(_Args&& ...) [with _Args = {std::pair<Hora, std::__cxx11::basic_string<char, std::char_traits<char>, std::allocator<char> > >}; _Key = Hora; _Val = std::pair<const Hora, std::__cxx11::basic_string<char> >; _KeyOfValue = std::_Select1st<std::pair<const Hora, std::__cxx11::basic_string<char> > >; _Compare = std::less<Hora>; _Alloc = std::allocator<std::pair<const Hora, std::__cxx11::basic_string<char> > >]’
/usr/include/c++/7/bits/stl_map.h:809:58:   required from ‘std::__enable_if_t<std::is_constructible<std::pair<const _Key, _Tp>, _Pair>::value, std::pair<typename std::_Rb_tree<_Key, std::pair<const _Key, _Tp>, std::_Select1st<std::pair<const _Key, _Tp> >, _Compare, typename __gnu_cxx::__alloc_traits<_Alloc>::rebind<std::pair<const _Key, _Tp> >::other>::iterator, bool> > std::map<_Key, _Tp, _Compare, _Alloc>::insert(_Pair&&) [with _Pair = std::pair<Hora, std::__cxx11::basic_string<char> >; _Key = Hora; _Tp = std::__cxx11::basic_string<char>; _Compare = std::less<Hora>; _Alloc = std::allocator<std::pair<const Hora, std::__cxx11::basic_string<char> > >; std::__enable_if_t<std::is_constructible<std::pair<const _Key, _Tp>, _Pair>::value, std::pair<typename std::_Rb_tree<_Key, std::pair<const _Key, _Tp>, std::_Select1st<std::pair<const _Key, _Tp> >, _Compare, typename __gnu_cxx::__alloc_traits<_Alloc>::rebind<std::pair<const _Key, _Tp> >::other>::iterator, bool> > = std::pair<std::_Rb_tree_iterator<std::pair<const Hora, std::__cxx11::basic_string<char> > >, bool>]’
../Agenda.cpp:19:76:   required from here
/usr/include/c++/7/bits/stl_function.h:386:20: error: no match for ‘operator<’ (operand types are ‘const Hora’ and ‘const Hora’)
       { return __x < __y; }
                ~~~~^~~~~
In file included from ../Agenda.h:15:0,
                 from ../Agenda.cpp:8:
../Hora.h:31:7: note: candidate: bool Hora::operator<(const Hora&) <near match>
subdir.mk:27: recipe for target 'Agenda.o' failed
  bool operator<(const Hora & hora);
       ^~~~~~~~
../Hora.h:31:7: note:   passing ‘const Hora*’ as ‘this’ argument discards qualifiers
In file included from /usr/include/c++/7/bits/stl_algobase.h:64:0,
                 from /usr/include/c++/7/bits/stl_tree.h:63,
                 from /usr/include/c++/7/map:60,
                 from ../Agenda.h:11,
                 from ../Agenda.cpp:8:
/usr/include/c++/7/bits/stl_pair.h:454:5: note: candidate: template<class _T1, class _T2> constexpr bool std::operator<(const std::pair<_T1, _T2>&, const std::pair<_T1, _T2>&)
     operator<(const pair<_T1, _T2>& __x, const pair<_T1, _T2>& __y)
     ^~~~~~~~
/usr/include/c++/7/bits/stl_pair.h:454:5: note:   template argument deduction/substitution failed:
In file included from /usr/include/c++/7/bits/stl_tree.h:65:0,
                 from /usr/include/c++/7/map:60,
                 from ../Agenda.h:11,
                 from ../Agenda.cpp:8:
/usr/include/c++/7/bits/stl_function.h:386:20: note:   ‘const Hora’ is not derived from ‘const std::pair<_T1, _T2>’
       { return __x < __y; }
                ~~~~^~~~~
In file included from /usr/include/c++/7/bits/stl_algobase.h:67:0,
                 from /usr/include/c++/7/bits/stl_tree.h:63,
                 from /usr/include/c++/7/map:60,
                 from ../Agenda.h:11,
                 from ../Agenda.cpp:8:
/usr/include/c++/7/bits/stl_iterator.h:308:5: note: candidate: template<class _Iterator> bool std::operator<(const std::reverse_iterator<_Iterator>&, const std::reverse_iterator<_Iterator>&)
     operator<(const reverse_iterator<_Iterator>& __x,
     ^~~~~~~~
/usr/include/c++/7/bits/stl_iterator.h:308:5: note:   template argument deduction/substitution failed:
In file included from /usr/include/c++/7/bits/stl_tree.h:65:0,
                 from /usr/include/c++/7/map:60,
                 from ../Agenda.h:11,
                 from ../Agenda.cpp:8:
/usr/include/c++/7/bits/stl_function.h:386:20: note:   ‘const Hora’ is not derived from ‘const std::reverse_iterator<_Iterator>’
       { return __x < __y; }
                ~~~~^~~~~
In file included from /usr/include/c++/7/bits/stl_algobase.h:67:0,
                 from /usr/include/c++/7/bits/stl_tree.h:63,
                 from /usr/include/c++/7/map:60,
                 from ../Agenda.h:11,
                 from ../Agenda.cpp:8:
/usr/include/c++/7/bits/stl_iterator.h:346:5: note: candidate: template<class _IteratorL, class _IteratorR> bool std::operator<(const std::reverse_iterator<_Iterator>&, const std::reverse_iterator<_IteratorR>&)
     operator<(const reverse_iterator<_IteratorL>& __x,
     ^~~~~~~~
/usr/include/c++/7/bits/stl_iterator.h:346:5: note:   template argument deduction/substitution failed:
In file included from /usr/include/c++/7/bits/stl_tree.h:65:0,
                 from /usr/include/c++/7/map:60,
                 from ../Agenda.h:11,
                 from ../Agenda.cpp:8:
/usr/include/c++/7/bits/stl_function.h:386:20: note:   ‘const Hora’ is not derived from ‘const std::reverse_iterator<_Iterator>’
       { return __x < __y; }
                ~~~~^~~~~
In file included from /usr/include/c++/7/bits/stl_algobase.h:67:0,
                 from /usr/include/c++/7/bits/stl_tree.h:63,
                 from /usr/include/c++/7/map:60,
                 from ../Agenda.h:11,
                 from ../Agenda.cpp:8:
/usr/include/c++/7/bits/stl_iterator.h:1145:5: note: candidate: template<class _IteratorL, class _IteratorR> bool std::operator<(const std::move_iterator<_IteratorL>&, const std::move_iterator<_IteratorR>&)
     operator<(const move_iterator<_IteratorL>& __x,
     ^~~~~~~~
/usr/include/c++/7/bits/stl_iterator.h:1145:5: note:   template argument deduction/substitution failed:
In file included from /usr/include/c++/7/bits/stl_tree.h:65:0,
                 from /usr/include/c++/7/map:60,
                 from ../Agenda.h:11,
                 from ../Agenda.cpp:8:
/usr/include/c++/7/bits/stl_function.h:386:20: note:   ‘const Hora’ is not derived from ‘const std::move_iterator<_IteratorL>’
       { return __x < __y; }
                ~~~~^~~~~
In file included from /usr/include/c++/7/bits/stl_algobase.h:67:0,
                 from /usr/include/c++/7/bits/stl_tree.h:63,
                 from /usr/include/c++/7/map:60,
                 from ../Agenda.h:11,
                 from ../Agenda.cpp:8:
/usr/include/c++/7/bits/stl_iterator.h:1151:5: note: candidate: template<class _Iterator> bool std::operator<(const std::move_iterator<_IteratorL>&, const std::move_iterator<_IteratorL>&)
     operator<(const move_iterator<_Iterator>& __x,
     ^~~~~~~~
/usr/include/c++/7/bits/stl_iterator.h:1151:5: note:   template argument deduction/substitution failed:
In file included from /usr/include/c++/7/bits/stl_tree.h:65:0,
                 from /usr/include/c++/7/map:60,
                 from ../Agenda.h:11,
                 from ../Agenda.cpp:8:
/usr/include/c++/7/bits/stl_function.h:386:20: note:   ‘const Hora’ is not derived from ‘const std::move_iterator<_IteratorL>’
       { return __x < __y; }
                ~~~~^~~~~
In file included from /usr/include/c++/7/map:60:0,
                 from ../Agenda.h:11,
                 from ../Agenda.cpp:8:
/usr/include/c++/7/bits/stl_tree.h:1543:5: note: candidate: template<class _Key, class _Val, class _KeyOfValue, class _Compare, class _Alloc> bool std::operator<(const std::_Rb_tree<_Key, _Val, _KeyOfValue, _Compare, _Alloc>&, const std::_Rb_tree<_Key, _Val, _KeyOfValue, _Compare, _Alloc>&)
     operator<(const _Rb_tree<_Key, _Val, _KeyOfValue, _Compare, _Alloc>& __x,
     ^~~~~~~~
/usr/include/c++/7/bits/stl_tree.h:1543:5: note:   template argument deduction/substitution failed:
In file included from /usr/include/c++/7/bits/stl_tree.h:65:0,
                 from /usr/include/c++/7/map:60,
                 from ../Agenda.h:11,
                 from ../Agenda.cpp:8:
/usr/include/c++/7/bits/stl_function.h:386:20: note:   ‘const Hora’ is not derived from ‘const std::_Rb_tree<_Key, _Val, _KeyOfValue, _Compare, _Alloc>’
       { return __x < __y; }
                ~~~~^~~~~
In file included from /usr/include/c++/7/string:52:0,
                 from /usr/include/c++/7/stdexcept:39,
                 from /usr/include/c++/7/array:39,
                 from /usr/include/c++/7/tuple:39,
                 from /usr/include/c++/7/bits/stl_map.h:63,
                 from /usr/include/c++/7/map:61,
                 from ../Agenda.h:11,
                 from ../Agenda.cpp:8:
/usr/include/c++/7/bits/basic_string.h:6094:5: note: candidate: template<class _CharT, class _Traits, class _Alloc> bool std::operator<(const std::__cxx11::basic_string<_CharT, _Traits, _Alloc>&, const std::__cxx11::basic_string<_CharT, _Traits, _Alloc>&)
     operator<(const basic_string<_CharT, _Traits, _Alloc>& __lhs,
     ^~~~~~~~
/usr/include/c++/7/bits/basic_string.h:6094:5: note:   template argument deduction/substitution failed:
In file included from /usr/include/c++/7/bits/stl_tree.h:65:0,
                 from /usr/include/c++/7/map:60,
                 from ../Agenda.h:11,
                 from ../Agenda.cpp:8:
/usr/include/c++/7/bits/stl_function.h:386:20: note:   ‘const Hora’ is not derived from ‘const std::__cxx11::basic_string<_CharT, _Traits, _Alloc>’
       { return __x < __y; }
                ~~~~^~~~~
In file included from /usr/include/c++/7/string:52:0,
                 from /usr/include/c++/7/stdexcept:39,
                 from /usr/include/c++/7/array:39,
                 from /usr/include/c++/7/tuple:39,
                 from /usr/include/c++/7/bits/stl_map.h:63,
                 from /usr/include/c++/7/map:61,
                 from ../Agenda.h:11,
                 from ../Agenda.cpp:8:
/usr/include/c++/7/bits/basic_string.h:6107:5: note: candidate: template<class _CharT, class _Traits, class _Alloc> bool std::operator<(const std::__cxx11::basic_string<_CharT, _Traits, _Alloc>&, const _CharT*)
     operator<(const basic_string<_CharT, _Traits, _Alloc>& __lhs,
     ^~~~~~~~
/usr/include/c++/7/bits/basic_string.h:6107:5: note:   template argument deduction/substitution failed:
In file included from /usr/include/c++/7/bits/stl_tree.h:65:0,
                 from /usr/include/c++/7/map:60,
                 from ../Agenda.h:11,
                 from ../Agenda.cpp:8:
/usr/include/c++/7/bits/stl_function.h:386:20: note:   ‘const Hora’ is not derived from ‘const std::__cxx11::basic_string<_CharT, _Traits, _Alloc>’
       { return __x < __y; }
                ~~~~^~~~~
In file included from /usr/include/c++/7/string:52:0,
                 from /usr/include/c++/7/stdexcept:39,
                 from /usr/include/c++/7/array:39,
                 from /usr/include/c++/7/tuple:39,
                 from /usr/include/c++/7/bits/stl_map.h:63,
                 from /usr/include/c++/7/map:61,
                 from ../Agenda.h:11,
                 from ../Agenda.cpp:8:
/usr/include/c++/7/bits/basic_string.h:6119:5: note: candidate: template<class _CharT, class _Traits, class _Alloc> bool std::operator<(const _CharT*, const std::__cxx11::basic_string<_CharT, _Traits, _Alloc>&)
     operator<(const _CharT* __lhs,
     ^~~~~~~~
/usr/include/c++/7/bits/basic_string.h:6119:5: note:   template argument deduction/substitution failed:
In file included from /usr/include/c++/7/bits/stl_tree.h:65:0,
                 from /usr/include/c++/7/map:60,
                 from ../Agenda.h:11,
                 from ../Agenda.cpp:8:
/usr/include/c++/7/bits/stl_function.h:386:20: note:   mismatched types ‘const _CharT*’ and ‘Hora’
       { return __x < __y; }
                ~~~~^~~~~
In file included from /usr/include/c++/7/tuple:39:0,
                 from /usr/include/c++/7/bits/stl_map.h:63,
                 from /usr/include/c++/7/map:61,
                 from ../Agenda.h:11,
                 from ../Agenda.cpp:8:
/usr/include/c++/7/array:262:5: note: candidate: template<class _Tp, long unsigned int _Nm> bool std::operator<(const std::array<_Tp, _Nm>&, const std::array<_Tp, _Nm>&)
     operator<(const array<_Tp, _Nm>& __a, const array<_Tp, _Nm>& __b)
     ^~~~~~~~
/usr/include/c++/7/array:262:5: note:   template argument deduction/substitution failed:
In file included from /usr/include/c++/7/bits/stl_tree.h:65:0,
                 from /usr/include/c++/7/map:60,
                 from ../Agenda.h:11,
                 from ../Agenda.cpp:8:
/usr/include/c++/7/bits/stl_function.h:386:20: note:   ‘const Hora’ is not derived from ‘const std::array<_Tp, _Nm>’
       { return __x < __y; }
                ~~~~^~~~~
In file included from /usr/include/c++/7/bits/stl_map.h:63:0,
                 from /usr/include/c++/7/map:61,
                 from ../Agenda.h:11,
                 from ../Agenda.cpp:8:
/usr/include/c++/7/tuple:1410:5: note: candidate: template<class ... _TElements, class ... _UElements> constexpr bool std::operator<(const std::tuple<_Tps ...>&, const std::tuple<_Args2 ...>&)
     operator<(const tuple<_TElements...>& __t,
     ^~~~~~~~
/usr/include/c++/7/tuple:1410:5: note:   template argument deduction/substitution failed:
In file included from /usr/include/c++/7/bits/stl_tree.h:65:0,
                 from /usr/include/c++/7/map:60,
                 from ../Agenda.h:11,
                 from ../Agenda.cpp:8:
/usr/include/c++/7/bits/stl_function.h:386:20: note:   ‘const Hora’ is not derived from ‘const std::tuple<_Tps ...>’
       { return __x < __y; }
                ~~~~^~~~~
In file included from /usr/include/c++/7/map:61:0,
                 from ../Agenda.h:11,
                 from ../Agenda.cpp:8:
/usr/include/c++/7/bits/stl_map.h:1411:5: note: candidate: template<class _Key, class _Tp, class _Compare, class _Alloc> bool std::operator<(const std::map<_Key, _Tp, _Compare, _Alloc>&, const std::map<_Key, _Tp, _Compare, _Alloc>&)
     operator<(const map<_Key, _Tp, _Compare, _Alloc>& __x,
     ^~~~~~~~
/usr/include/c++/7/bits/stl_map.h:1411:5: note:   template argument deduction/substitution failed:
In file included from /usr/include/c++/7/bits/stl_tree.h:65:0,
                 from /usr/include/c++/7/map:60,
                 from ../Agenda.h:11,
                 from ../Agenda.cpp:8:
/usr/include/c++/7/bits/stl_function.h:386:20: note:   ‘const Hora’ is not derived from ‘const std::map<_Key, _Tp, _Compare, _Alloc>’
       { return __x < __y; }
                ~~~~^~~~~
In file included from /usr/include/c++/7/map:62:0,
                 from ../Agenda.h:11,
                 from ../Agenda.cpp:8:
/usr/include/c++/7/bits/stl_multimap.h:1076:5: note: candidate: template<class _Key, class _Tp, class _Compare, class _Alloc> bool std::operator<(const std::multimap<_Key, _Tp, _Compare, _Alloc>&, const std::multimap<_Key, _Tp, _Compare, _Alloc>&)
     operator<(const multimap<_Key, _Tp, _Compare, _Alloc>& __x,
     ^~~~~~~~
/usr/include/c++/7/bits/stl_multimap.h:1076:5: note:   template argument deduction/substitution failed:
In file included from /usr/include/c++/7/bits/stl_tree.h:65:0,
                 from /usr/include/c++/7/map:60,
                 from ../Agenda.h:11,
                 from ../Agenda.cpp:8:
/usr/include/c++/7/bits/stl_function.h:386:20: note:   ‘const Hora’ is not derived from ‘const std::multimap<_Key, _Tp, _Compare, _Alloc>’
       { return __x < __y; }
                ~~~~^~~~~
In file included from /usr/include/c++/7/bits/ios_base.h:46:0,
                 from /usr/include/c++/7/ios:42,
                 from /usr/include/c++/7/ostream:38,
                 from /usr/include/c++/7/iostream:39,
                 from ../Agenda.h:13,
                 from ../Agenda.cpp:8:
/usr/include/c++/7/system_error:208:3: note: candidate: bool std::operator<(const std::error_code&, const std::error_code&)
   operator<(const error_code& __lhs, const error_code& __rhs) noexcept
   ^~~~~~~~
/usr/include/c++/7/system_error:208:3: note:   no known conversion for argument 1 from ‘const Hora’ to ‘const std::error_code&’
/usr/include/c++/7/system_error:282:3: note: candidate: bool std::operator<(const std::error_condition&, const std::error_condition&)
   operator<(const error_condition& __lhs,
   ^~~~~~~~
/usr/include/c++/7/system_error:282:3: note:   no known conversion for argument 1 from ‘const Hora’ to ‘const std::error_condition&’
make: *** [Agenda.o] Error 1
"make all" terminated with exit code 2. Build might be incomplete.
