10:00:40 **** Build of configuration Debug for project name_space_tiempo ****
make all 
Building file: ../Fecha.cpp
Invoking: GCC C++ Compiler
g++ -O0 -g3 -Wall -c -fmessage-length=0 -MMD -MP -MF"Fecha.d" -MT"Fecha.o" -o "Fecha.o" "../Fecha.cpp"
Finished building: ../Fecha.cpp
 
Building file: ../FechaHora.cpp
Invoking: GCC C++ Compiler
g++ -O0 -g3 -Wall -c -fmessage-length=0 -MMD -MP -MF"FechaHora.d" -MT"FechaHora.o" -o "FechaHora.o" "../FechaHora.cpp"
Finished building: ../FechaHora.cpp
 
Building file: ../Hora.cpp
Invoking: GCC C++ Compiler
g++ -O0 -g3 -Wall -c -fmessage-length=0 -MMD -MP -MF"Hora.d" -MT"Hora.o" -o "Hora.o" "../Hora.cpp"
Finished building: ../Hora.cpp
 
Building file: ../main.cpp
Invoking: GCC C++ Compiler
g++ -O0 -g3 -Wall -c -fmessage-length=0 -MMD -MP -MF"main.d" -MT"main.o" -o "main.o" "../main.cpp"
Finished building: ../main.cpp
 
Building target: name_space_tiempo
Invoking: GCC C++ Linker
g++  -o "name_space_tiempo"  ./Fecha.o ./FechaHora.o ./Hora.o ./main.o   
Finished building target: name_space_tiempo
 

10:00:44 Build Finished. 0 errors, 0 warnings. (took 4s.68ms)

