10:58:20 **** Build of configuration Debug for project Enunciado1_academia ****
make all 
Building file: ../Academia.cpp
Invoking: GCC C++ Compiler
g++ -O0 -g3 -Wall -c -fmessage-length=0 -MMD -MP -MF"Academia.d" -MT"Academia.o" -o "Academia.o" "../Academia.cpp"
Finished building: ../Academia.cpp
 
Building file: ../Actividad.cpp
Invoking: GCC C++ Compiler
g++ -O0 -g3 -Wall -c -fmessage-length=0 -MMD -MP -MF"Actividad.d" -MT"Actividad.o" -o "Actividad.o" "../Actividad.cpp"
Finished building: ../Actividad.cpp
 
Building file: ../Curso.cpp
Invoking: GCC C++ Compiler
g++ -O0 -g3 -Wall -c -fmessage-length=0 -MMD -MP -MF"Curso.d" -MT"Curso.o" -o "Curso.o" "../Curso.cpp"
Finished building: ../Curso.cpp
 
Building file: ../Excepcion.cpp
Invoking: GCC C++ Compiler
g++ -O0 -g3 -Wall -c -fmessage-length=0 -MMD -MP -MF"Excepcion.d" -MT"Excepcion.o" -o "Excepcion.o" "../Excepcion.cpp"
Finished building: ../Excepcion.cpp
 
Building file: ../Seminario.cpp
Invoking: GCC C++ Compiler
g++ -O0 -g3 -Wall -c -fmessage-length=0 -MMD -MP -MF"Seminario.d" -MT"Seminario.o" -o "Seminario.o" "../Seminario.cpp"
Finished building: ../Seminario.cpp
 
Building file: ../main.cpp
Invoking: GCC C++ Compiler
g++ -O0 -g3 -Wall -c -fmessage-length=0 -MMD -MP -MF"main.d" -MT"main.o" -o "main.o" "../main.cpp"
Finished building: ../main.cpp
 
Building target: Enunciado1_academia
Invoking: GCC C++ Linker
g++  -o "Enunciado1_academia"  ./Academia.o ./Actividad.o ./Curso.o ./Excepcion.o ./Seminario.o ./main.o   
Finished building target: Enunciado1_academia
 

10:58:34 Build Finished. 0 errors, 0 warnings. (took 13s.390ms)

